2021-02-02 13:45:51,501 INFO (StartupInfoLogger.java:50)- Starting MachineServerSystemApplication on DESKTOP-ANC07SR with PID 11912 (F:\my\machine\machine_server_system\target\classes started by 24501 in F:\my\machine\machine_server_system)
2021-02-02 13:45:51,507 INFO (SpringApplication.java:675)- No active profile set, falling back to default profiles: default
2021-02-02 13:45:52,556 INFO (PostProcessorRegistrationDelegate.java:330)- Bean 'org.springframework.transaction.annotation.ProxyTransactionManagementConfiguration' of type [org.springframework.transaction.annotation.ProxyTransactionManagementConfiguration$$EnhancerBySpringCGLIB$$f39c88ef] is not eligible for getting processed by all BeanPostProcessors (for example: not eligible for auto-proxying)
2021-02-02 13:45:52,840 INFO (TomcatWebServer.java:90)- Tomcat initialized with port(s): 8001 (http)
2021-02-02 13:45:52,851 INFO (DirectJDKLog.java:173)- Initializing ProtocolHandler ["http-nio-8001"]
2021-02-02 13:45:52,858 INFO (DirectJDKLog.java:173)- Starting service [Tomcat]
2021-02-02 13:45:52,858 INFO (DirectJDKLog.java:173)- Starting Servlet engine: [Apache Tomcat/9.0.16]
2021-02-02 13:45:52,864 INFO (DirectJDKLog.java:173)- The APR based Apache Tomcat Native library which allows optimal performance in production environments was not found on the java.library.path: [G:\jdk1.8.0_192\bin;C:\Windows\Sun\Java\bin;C:\Windows\system32;C:\Windows;G:\python;C:\Windows\system32;C:\Windows;C:\Windows\System32\Wbem;C:\Windows\System32\WindowsPowerShell\v1.0\;C:\Windows\System32\OpenSSH\;G:\jdk1.8.0_192\bin;G:\jdk1.8.0_192\jre\bin;G:\Git\cmd;G:\Git\bin;G:\Git\mingw64\libexec\git-core;G:\nodejs\;C:\Program Files\nodejs\node_global;G:\maven\apache-maven-3.6.3\bin;G:\gradle-6.5.1\bin;G:\redis\;G:\aithinker\directory\AiThinkerIDE_V1.5.2\msys32\mingw32\bin;G:\aithinker\directory\AiThinkerIDE_V1.5.2\msys32\opt\esp32\xtensa-esp32-elf-5.0\bin;G:\aithinker\directory\AiThinkerIDE_V1.5.2\msys32\opt\esp8266\v5.2.0_for_3.0\bin;G:\aithinker\directory\AiThinkerIDE_V1.5.2\msys32\usr\bin;C:\Users\24501\AppData\Local\Microsoft\WindowsApps;;G:\Microsoft VS Code\bin;C:\Users\24501\AppData\Roaming\npm;G:\fiddler;.]
2021-02-02 13:45:52,963 INFO (DirectJDKLog.java:173)- Initializing Spring embedded WebApplicationContext
2021-02-02 13:45:52,964 INFO (ServletWebServerApplicationContext.java:296)- Root WebApplicationContext: initialization completed in 1409 ms
2021-02-02 13:45:53,195 INFO (DruidDataSource.java:914)- {dataSource-1} inited
2021-02-02 13:50:52,631 INFO (StartupInfoLogger.java:50)- Starting MachineServerSystemApplication on DESKTOP-ANC07SR with PID 14204 (F:\my\machine\machine_server_system\target\classes started by 24501 in F:\my\machine\machine_server_system)
2021-02-02 13:50:52,634 INFO (SpringApplication.java:675)- No active profile set, falling back to default profiles: default
2021-02-02 13:50:53,614 INFO (PostProcessorRegistrationDelegate.java:330)- Bean 'org.springframework.transaction.annotation.ProxyTransactionManagementConfiguration' of type [org.springframework.transaction.annotation.ProxyTransactionManagementConfiguration$$EnhancerBySpringCGLIB$$49b1ca25] is not eligible for getting processed by all BeanPostProcessors (for example: not eligible for auto-proxying)
2021-02-02 13:50:53,876 INFO (TomcatWebServer.java:90)- Tomcat initialized with port(s): 8001 (http)
2021-02-02 13:50:53,889 INFO (DirectJDKLog.java:173)- Initializing ProtocolHandler ["http-nio-8001"]
2021-02-02 13:50:53,897 INFO (DirectJDKLog.java:173)- Starting service [Tomcat]
2021-02-02 13:50:53,897 INFO (DirectJDKLog.java:173)- Starting Servlet engine: [Apache Tomcat/9.0.16]
2021-02-02 13:50:53,903 INFO (DirectJDKLog.java:173)- The APR based Apache Tomcat Native library which allows optimal performance in production environments was not found on the java.library.path: [G:\jdk1.8.0_192\bin;C:\Windows\Sun\Java\bin;C:\Windows\system32;C:\Windows;G:\python;C:\Windows\system32;C:\Windows;C:\Windows\System32\Wbem;C:\Windows\System32\WindowsPowerShell\v1.0\;C:\Windows\System32\OpenSSH\;G:\jdk1.8.0_192\bin;G:\jdk1.8.0_192\jre\bin;G:\Git\cmd;G:\Git\bin;G:\Git\mingw64\libexec\git-core;G:\nodejs\;C:\Program Files\nodejs\node_global;G:\maven\apache-maven-3.6.3\bin;G:\gradle-6.5.1\bin;G:\redis\;G:\aithinker\directory\AiThinkerIDE_V1.5.2\msys32\mingw32\bin;G:\aithinker\directory\AiThinkerIDE_V1.5.2\msys32\opt\esp32\xtensa-esp32-elf-5.0\bin;G:\aithinker\directory\AiThinkerIDE_V1.5.2\msys32\opt\esp8266\v5.2.0_for_3.0\bin;G:\aithinker\directory\AiThinkerIDE_V1.5.2\msys32\usr\bin;C:\Users\24501\AppData\Local\Microsoft\WindowsApps;;G:\Microsoft VS Code\bin;C:\Users\24501\AppData\Roaming\npm;G:\fiddler;.]
2021-02-02 13:50:54,004 INFO (DirectJDKLog.java:173)- Initializing Spring embedded WebApplicationContext
2021-02-02 13:50:54,005 INFO (ServletWebServerApplicationContext.java:296)- Root WebApplicationContext: initialization completed in 1304 ms
2021-02-02 13:50:54,241 INFO (DruidDataSource.java:914)- {dataSource-1} inited
2021-02-02 13:50:55,288 WARN (MqttConnect.java:56)- ------MQTT服务器连接成功
2021-02-02 13:50:55,343 WARN (MqttConnect.java:59)- ------开始订阅主题:anly/machine/#
2021-02-02 13:50:55,631 INFO (PropertySourcedRequestMappingHandlerMapping.java:69)- Mapped URL path [/v2/api-docs] onto method [public org.springframework.http.ResponseEntity<springfox.documentation.spring.web.json.Json> springfox.documentation.swagger2.web.Swagger2Controller.getDocumentation(java.lang.String,javax.servlet.http.HttpServletRequest)]
2021-02-02 13:50:55,747 INFO (ExecutorConfigurationSupport.java:171)- Initializing ExecutorService 'applicationTaskExecutor'
2021-02-02 13:50:55,881 INFO (ExecutorConfigurationSupport.java:171)- Initializing ExecutorService 'taskScheduler'
2021-02-02 13:50:55,923 INFO (DocumentationPluginsBootstrapper.java:160)- Context refreshed
2021-02-02 13:50:55,940 INFO (DocumentationPluginsBootstrapper.java:163)- Found 1 custom documentation plugin(s)
2021-02-02 13:50:55,979 INFO (ApiListingReferenceScanner.java:41)- Scanning for api listing references
2021-02-02 13:50:56,114 INFO (DirectJDKLog.java:173)- Starting ProtocolHandler ["http-nio-8001"]
2021-02-02 13:50:56,138 INFO (TomcatWebServer.java:204)- Tomcat started on port(s): 8001 (http) with context path ''
2021-02-02 13:50:56,140 INFO (StartupInfoLogger.java:59)- Started MachineServerSystemApplication in 3.865 seconds (JVM running for 5.097)
2021-02-02 13:50:56,256 INFO (MachineDescServiceImpl.java:247)- 所有设备信息已缓存至map中
2021-02-02 13:50:56,257 INFO (MachineDescServiceImpl.java:248)- map内容:{}
2021-02-02 13:51:00,012 INFO (InitializeTask.java:51)- 机械设备离线心跳检查
2021-02-02 13:51:10,001 INFO (InitializeTask.java:51)- 机械设备离线心跳检查
2021-02-02 13:51:20,002 INFO (InitializeTask.java:51)- 机械设备离线心跳检查
2021-02-02 13:51:30,002 INFO (InitializeTask.java:51)- 机械设备离线心跳检查
2021-02-02 13:51:40,002 INFO (InitializeTask.java:51)- 机械设备离线心跳检查
2021-02-02 13:51:50,001 INFO (InitializeTask.java:51)- 机械设备离线心跳检查
2021-02-02 13:52:00,001 INFO (InitializeTask.java:51)- 机械设备离线心跳检查
2021-02-02 13:52:10,001 INFO (InitializeTask.java:51)- 机械设备离线心跳检查
2021-02-02 13:52:20,002 INFO (InitializeTask.java:51)- 机械设备离线心跳检查
2021-02-02 13:52:30,001 INFO (InitializeTask.java:51)- 机械设备离线心跳检查
2021-02-02 13:52:40,003 INFO (InitializeTask.java:51)- 机械设备离线心跳检查
2021-02-02 13:52:50,002 INFO (InitializeTask.java:51)- 机械设备离线心跳检查
2021-02-02 13:53:00,003 INFO (InitializeTask.java:51)- 机械设备离线心跳检查
2021-02-02 13:53:10,002 INFO (InitializeTask.java:51)- 机械设备离线心跳检查
2021-02-02 13:53:20,000 INFO (InitializeTask.java:51)- 机械设备离线心跳检查
2021-02-02 13:53:30,002 INFO (InitializeTask.java:51)- 机械设备离线心跳检查
2021-02-02 13:53:40,001 INFO (InitializeTask.java:51)- 机械设备离线心跳检查
2021-02-02 13:53:50,001 INFO (InitializeTask.java:51)- 机械设备离线心跳检查
2021-02-02 13:54:00,000 INFO (InitializeTask.java:51)- 机械设备离线心跳检查
2021-02-02 13:54:10,002 INFO (InitializeTask.java:51)- 机械设备离线心跳检查
2021-02-02 13:54:20,001 INFO (InitializeTask.java:51)- 机械设备离线心跳检查
2021-02-02 13:54:30,004 INFO (InitializeTask.java:51)- 机械设备离线心跳检查
2021-02-02 13:54:40,002 INFO (InitializeTask.java:51)- 机械设备离线心跳检查
2021-02-02 13:54:50,002 INFO (InitializeTask.java:51)- 机械设备离线心跳检查
2021-02-02 13:55:00,000 INFO (InitializeTask.java:51)- 机械设备离线心跳检查
2021-02-02 13:55:10,001 INFO (InitializeTask.java:51)- 机械设备离线心跳检查
2021-02-02 13:55:20,003 INFO (InitializeTask.java:51)- 机械设备离线心跳检查
2021-02-02 13:55:30,002 INFO (InitializeTask.java:51)- 机械设备离线心跳检查
2021-02-02 13:55:40,002 INFO (InitializeTask.java:51)- 机械设备离线心跳检查
2021-02-02 13:55:50,001 INFO (InitializeTask.java:51)- 机械设备离线心跳检查
2021-02-02 13:56:00,002 INFO (InitializeTask.java:51)- 机械设备离线心跳检查
2021-02-02 13:56:10,001 INFO (InitializeTask.java:51)- 机械设备离线心跳检查
2021-02-02 13:56:20,002 INFO (InitializeTask.java:51)- 机械设备离线心跳检查
2021-02-02 13:56:30,002 INFO (InitializeTask.java:51)- 机械设备离线心跳检查
2021-02-02 13:56:40,001 INFO (InitializeTask.java:51)- 机械设备离线心跳检查
2021-02-02 13:56:43,817 INFO (ExecutorConfigurationSupport.java:208)- Shutting down ExecutorService 'taskScheduler'
2021-02-02 13:56:43,818 INFO (ExecutorConfigurationSupport.java:208)- Shutting down ExecutorService 'applicationTaskExecutor'
2021-02-02 13:56:43,821 INFO (DruidDataSource.java:1689)- {dataSource-1} closed
